<?xml version="1.0" encoding="UTF-8"?>
<testsuite xmlns:xsi="http://www.w3.org/2001/XMLSchema-instance" xsi:noNamespaceSchemaLocation="https://maven.apache.org/surefire/maven-surefire-plugin/xsd/surefire-test-report-3.0.xsd" version="3.0" name="TestSuite" time="83.987" tests="8" errors="0" skipped="0" failures="0">
  <properties>
[...]
</properties>
  <testcase name="validLoginTC" classname="Tests.TC01_LoginTest" time="0.547">
    <system-out><![CDATA[[INFO] 10-03-2024 02:47:25 [main] [Tests.TC01_LoginTest.setup(TC01_LoginTest.java:30)]  - edge
[INFO] 10-03-2024 02:47:37 [main] [Tests.TC01_LoginTest.setup(TC01_LoginTest.java:32)]  - edge driver is opened
[INFO] 10-03-2024 02:47:40 [main] [Tests.TC01_LoginTest.setup(TC01_LoginTest.java:34)]  - Page is redirected to the URL
[INFO] 10-03-2024 02:47:40 [main] [Listeners.IInvokedMethodListenerClass.afterInvocation(IInvokedMethodListenerClass.java:31)]  - Test Case setup passed
[INFO] 10-03-2024 02:47:40 [main] [Listeners.ITestResultListenerClass.onTestStart(ITestResultListenerClass.java:9)]  - Test Case validLoginTC started
[INFO] 10-03-2024 02:47:41 [main] [Listeners.IInvokedMethodListenerClass.afterInvocation(IInvokedMethodListenerClass.java:31)]  - Test Case validLoginTC passed
]]></system-out>
  </testcase>
  <testcase name="addingRandomProductsToCartTC" classname="Tests.TC02_LandingTest" time="0.702">
    <system-out><![CDATA[[INFO] 10-03-2024 02:47:42 [main] [Listeners.IInvokedMethodListenerClass.afterInvocation(IInvokedMethodListenerClass.java:31)]  - Test Case quit passed
[INFO] 10-03-2024 02:47:42 [main] [Tests.TC02_LandingTest.login(TC02_LandingTest.java:30)]  - edge
[INFO] 10-03-2024 02:47:46 [main] [Tests.TC02_LandingTest.login(TC02_LandingTest.java:32)]  - Edge driver is opened
[INFO] 10-03-2024 02:47:47 [main] [Tests.TC02_LandingTest.login(TC02_LandingTest.java:34)]  - Page is redirected to the URL
[INFO] 10-03-2024 02:47:50 [main] [Listeners.IInvokedMethodListenerClass.afterInvocation(IInvokedMethodListenerClass.java:31)]  - Test Case login passed
[INFO] 10-03-2024 02:47:50 [main] [Tests.TC02_LandingTest.setup(TC02_LandingTest.java:48)]  - edge
[INFO] 10-03-2024 02:47:53 [main] [Tests.TC02_LandingTest.setup(TC02_LandingTest.java:50)]  - Edge driver is opened
[INFO] 10-03-2024 02:47:54 [main] [Tests.TC02_LandingTest.setup(TC02_LandingTest.java:52)]  - Page is redirected to the URL
[INFO] 10-03-2024 02:47:55 [main] [Listeners.IInvokedMethodListenerClass.afterInvocation(IInvokedMethodListenerClass.java:31)]  - Test Case setup passed
[INFO] 10-03-2024 02:47:55 [main] [Listeners.ITestResultListenerClass.onTestStart(ITestResultListenerClass.java:9)]  - Test Case addingRandomProductsToCartTC started
[INFO] 10-03-2024 02:47:55 [main] [Pages.P02_LandingPage.addRandomProducts(P02_LandingPage.java:65)]  - randomNumber 1
[INFO] 10-03-2024 02:47:55 [main] [Pages.P02_LandingPage.addRandomProducts(P02_LandingPage.java:65)]  - randomNumber 2
[INFO] 10-03-2024 02:47:56 [main] [Pages.P02_LandingPage.addRandomProducts(P02_LandingPage.java:65)]  - randomNumber 3
[INFO] 10-03-2024 02:47:56 [main] [Pages.P02_LandingPage.getNumberOfProductsOnCartIcon(P02_LandingPage.java:43)]  - number of products on cart: 3
[INFO] 10-03-2024 02:47:56 [main] [Pages.P02_LandingPage.getNumberOfSelectedProducts(P02_LandingPage.java:54)]  - selected products: 3
[INFO] 10-03-2024 02:47:56 [main] [Listeners.IInvokedMethodListenerClass.afterInvocation(IInvokedMethodListenerClass.java:31)]  - Test Case addingRandomProductsToCartTC passed
]]></system-out>
  </testcase>
  <testcase name="checkingNumberOfSelectedProductsTC" classname="Tests.TC02_LandingTest" time="0.597">
    <system-out><![CDATA[[INFO] 10-03-2024 02:47:57 [main] [Listeners.IInvokedMethodListenerClass.afterInvocation(IInvokedMethodListenerClass.java:31)]  - Test Case quit passed
[INFO] 10-03-2024 02:47:57 [main] [Tests.TC02_LandingTest.setup(TC02_LandingTest.java:48)]  - edge
[INFO] 10-03-2024 02:48:01 [main] [Tests.TC02_LandingTest.setup(TC02_LandingTest.java:50)]  - Edge driver is opened
[INFO] 10-03-2024 02:48:02 [main] [Tests.TC02_LandingTest.setup(TC02_LandingTest.java:52)]  - Page is redirected to the URL
[INFO] 10-03-2024 02:48:03 [main] [Listeners.IInvokedMethodListenerClass.afterInvocation(IInvokedMethodListenerClass.java:31)]  - Test Case setup passed
[INFO] 10-03-2024 02:48:03 [main] [Listeners.ITestResultListenerClass.onTestStart(ITestResultListenerClass.java:9)]  - Test Case checkingNumberOfSelectedProductsTC started
[INFO] 10-03-2024 02:48:03 [main] [Pages.P02_LandingPage.addAllProductsToCart(P02_LandingPage.java:33)]  - number of all products: 6
[INFO] 10-03-2024 02:48:04 [main] [Pages.P02_LandingPage.getNumberOfProductsOnCartIcon(P02_LandingPage.java:43)]  - number of products on cart: 6
[INFO] 10-03-2024 02:48:04 [main] [Pages.P02_LandingPage.getNumberOfSelectedProducts(P02_LandingPage.java:54)]  - selected products: 6
[INFO] 10-03-2024 02:48:04 [main] [Listeners.IInvokedMethodListenerClass.afterInvocation(IInvokedMethodListenerClass.java:31)]  - Test Case checkingNumberOfSelectedProductsTC passed
]]></system-out>
  </testcase>
  <testcase name="clickOnCartIcon" classname="Tests.TC02_LandingTest" time="0.265">
    <system-out><![CDATA[[INFO] 10-03-2024 02:48:05 [main] [Listeners.IInvokedMethodListenerClass.afterInvocation(IInvokedMethodListenerClass.java:31)]  - Test Case quit passed
[INFO] 10-03-2024 02:48:05 [main] [Tests.TC02_LandingTest.setup(TC02_LandingTest.java:48)]  - edge
[INFO] 10-03-2024 02:48:09 [main] [Tests.TC02_LandingTest.setup(TC02_LandingTest.java:50)]  - Edge driver is opened
[INFO] 10-03-2024 02:48:10 [main] [Tests.TC02_LandingTest.setup(TC02_LandingTest.java:52)]  - Page is redirected to the URL
[INFO] 10-03-2024 02:48:11 [main] [Listeners.IInvokedMethodListenerClass.afterInvocation(IInvokedMethodListenerClass.java:31)]  - Test Case setup passed
[INFO] 10-03-2024 02:48:11 [main] [Listeners.ITestResultListenerClass.onTestStart(ITestResultListenerClass.java:9)]  - Test Case clickOnCartIcon started
[INFO] 10-03-2024 02:48:12 [main] [Listeners.IInvokedMethodListenerClass.afterInvocation(IInvokedMethodListenerClass.java:31)]  - Test Case clickOnCartIcon passed
]]></system-out>
  </testcase>
  <testcase name="comparingPricesTC" classname="Tests.TC03_CartTest" time="1.426">
    <system-out><![CDATA[[INFO] 10-03-2024 02:48:13 [main] [Listeners.IInvokedMethodListenerClass.afterInvocation(IInvokedMethodListenerClass.java:31)]  - Test Case quit passed
[INFO] 10-03-2024 02:48:13 [main] [Listeners.IInvokedMethodListenerClass.afterInvocation(IInvokedMethodListenerClass.java:31)]  - Test Case deleteSession passed
[INFO] 10-03-2024 02:48:13 [main] [Tests.TC03_CartTest.setup(TC03_CartTest.java:30)]  - edge
[INFO] 10-03-2024 02:48:16 [main] [Tests.TC03_CartTest.setup(TC03_CartTest.java:32)]  - Edge driver is opened
[INFO] 10-03-2024 02:48:17 [main] [Tests.TC03_CartTest.setup(TC03_CartTest.java:34)]  - Page is redirected to the URL
[INFO] 10-03-2024 02:48:17 [main] [Listeners.IInvokedMethodListenerClass.afterInvocation(IInvokedMethodListenerClass.java:31)]  - Test Case setup passed
[INFO] 10-03-2024 02:48:17 [main] [Listeners.ITestResultListenerClass.onTestStart(ITestResultListenerClass.java:9)]  - Test Case comparingPricesTC started
[INFO] 10-03-2024 02:48:18 [main] [Pages.P02_LandingPage.addRandomProducts(P02_LandingPage.java:65)]  - randomNumber 2
[INFO] 10-03-2024 02:48:18 [main] [Pages.P02_LandingPage.addRandomProducts(P02_LandingPage.java:65)]  - randomNumber 3
[INFO] 10-03-2024 02:48:19 [main] [Pages.P02_LandingPage.getTotalPriceOfSelectedProducts(P02_LandingPage.java:90)]  - Total Price 25.98
[INFO] 10-03-2024 02:48:19 [main] [Pages.P03_CartPage.getTotalPrice(P03_CartPage.java:31)]  - Total Price 25.98
[INFO] 10-03-2024 02:48:19 [main] [Listeners.IInvokedMethodListenerClass.afterInvocation(IInvokedMethodListenerClass.java:31)]  - Test Case comparingPricesTC passed
]]></system-out>
  </testcase>
  <testcase name="checkoutStepOneTC" classname="Tests.TC04_CheckoutTest" time="2.195">
    <system-out><![CDATA[[INFO] 10-03-2024 02:48:20 [main] [Listeners.IInvokedMethodListenerClass.afterInvocation(IInvokedMethodListenerClass.java:31)]  - Test Case quit passed
[INFO] 10-03-2024 02:48:20 [main] [Tests.TC04_CheckoutTest.setup(TC04_CheckoutTest.java:36)]  - edge
[INFO] 10-03-2024 02:48:23 [main] [Tests.TC04_CheckoutTest.setup(TC04_CheckoutTest.java:38)]  - Edge driver is opened
[INFO] 10-03-2024 02:48:24 [main] [Tests.TC04_CheckoutTest.setup(TC04_CheckoutTest.java:40)]  - Page is redirected to the URL
[INFO] 10-03-2024 02:48:24 [main] [Listeners.IInvokedMethodListenerClass.afterInvocation(IInvokedMethodListenerClass.java:31)]  - Test Case setup passed
[INFO] 10-03-2024 02:48:24 [main] [Listeners.ITestResultListenerClass.onTestStart(ITestResultListenerClass.java:9)]  - Test Case checkoutStepOneTC started
[INFO] 10-03-2024 02:48:25 [main] [Pages.P02_LandingPage.addRandomProducts(P02_LandingPage.java:65)]  - randomNumber 4
[INFO] 10-03-2024 02:48:25 [main] [Pages.P02_LandingPage.addRandomProducts(P02_LandingPage.java:65)]  - randomNumber 6
[INFO] 10-03-2024 02:48:27 [main] [Tests.TC04_CheckoutTest.checkoutStepOneTC(TC04_CheckoutTest.java:60)]  - fTest-2024-03-10-02-47-24AM lTest-2024-03-10-02-47-24AM 33189
[INFO] 10-03-2024 02:48:27 [main] [Listeners.IInvokedMethodListenerClass.afterInvocation(IInvokedMethodListenerClass.java:31)]  - Test Case checkoutStepOneTC passed
]]></system-out>
  </testcase>
  <testcase name="checkoutStepTwoTC" classname="Tests.TC05_OverviewTest" time="2.175">
    <system-out><![CDATA[[INFO] 10-03-2024 02:48:28 [main] [Listeners.IInvokedMethodListenerClass.afterInvocation(IInvokedMethodListenerClass.java:31)]  - Test Case quit passed
[INFO] 10-03-2024 02:48:28 [main] [Tests.TC05_OverviewTest.setup(TC05_OverviewTest.java:33)]  - edge
[INFO] 10-03-2024 02:48:32 [main] [Tests.TC05_OverviewTest.setup(TC05_OverviewTest.java:35)]  - Edge driver is opened
[INFO] 10-03-2024 02:48:32 [main] [Tests.TC05_OverviewTest.setup(TC05_OverviewTest.java:37)]  - Page is redirected to the URL
[INFO] 10-03-2024 02:48:32 [main] [Listeners.IInvokedMethodListenerClass.afterInvocation(IInvokedMethodListenerClass.java:31)]  - Test Case setup passed
[INFO] 10-03-2024 02:48:32 [main] [Listeners.ITestResultListenerClass.onTestStart(ITestResultListenerClass.java:9)]  - Test Case checkoutStepTwoTC started
[INFO] 10-03-2024 02:48:33 [main] [Pages.P02_LandingPage.addAllProductsToCart(P02_LandingPage.java:33)]  - number of all products: 6
[INFO] 10-03-2024 02:48:34 [main] [Tests.TC05_OverviewTest.checkoutStepTwoTC(TC05_OverviewTest.java:57)]  - fTest-2024-03-10-02-47-24AM lTest-2024-03-10-02-47-24AM 53017
[INFO] 10-03-2024 02:48:34 [main] [Pages.P05_OverviewPage.calculateTotalPrice(P05_OverviewPage.java:34)]  - Calculated Total Price: 140.34
[INFO] 10-03-2024 02:48:35 [main] [Pages.P05_OverviewPage.getTotal(P05_OverviewPage.java:29)]  - Actual Total Price: 140.34
[INFO] 10-03-2024 02:48:35 [main] [Listeners.IInvokedMethodListenerClass.afterInvocation(IInvokedMethodListenerClass.java:31)]  - Test Case checkoutStepTwoTC passed
]]></system-out>
  </testcase>
  <testcase name="finishOrderTC" classname="Tests.TC06_FinishingOrderTest" time="3.516">
    <system-out><![CDATA[[INFO] 10-03-2024 02:48:36 [main] [Listeners.IInvokedMethodListenerClass.afterInvocation(IInvokedMethodListenerClass.java:31)]  - Test Case quit passed
[INFO] 10-03-2024 02:48:36 [main] [Tests.TC06_FinishingOrderTest.setup(TC06_FinishingOrderTest.java:33)]  - edge
[INFO] 10-03-2024 02:48:40 [main] [Tests.TC06_FinishingOrderTest.setup(TC06_FinishingOrderTest.java:35)]  - Edge driver is opened
[INFO] 10-03-2024 02:48:40 [main] [Tests.TC06_FinishingOrderTest.setup(TC06_FinishingOrderTest.java:37)]  - Page is redirected to the URL
[INFO] 10-03-2024 02:48:40 [main] [Listeners.IInvokedMethodListenerClass.afterInvocation(IInvokedMethodListenerClass.java:31)]  - Test Case setup passed
[INFO] 10-03-2024 02:48:41 [main] [Listeners.ITestResultListenerClass.onTestStart(ITestResultListenerClass.java:9)]  - Test Case finishOrderTC started
[INFO] 10-03-2024 02:48:42 [main] [Pages.P02_LandingPage.addAllProductsToCart(P02_LandingPage.java:33)]  - number of all products: 6
[INFO] 10-03-2024 02:48:44 [main] [Tests.TC06_FinishingOrderTest.finishOrderTC(TC06_FinishingOrderTest.java:57)]  - fTest-2024-03-10-02-47-24AM lTest-2024-03-10-02-47-24AM 05759
[INFO] 10-03-2024 02:48:44 [main] [Listeners.IInvokedMethodListenerClass.afterInvocation(IInvokedMethodListenerClass.java:31)]  - Test Case finishOrderTC passed
]]></system-out>
  </testcase>
</testsuite>