<?xml version="1.0" encoding="UTF-8"?>
<!-- Generated by org.testng.reporters.JUnitXMLReporter -->
<testsuite ignored="0" hostname="DESKTOP-A0FS3MO" failures="0" tests="8" name="Regression Test" time="81.384" errors="0" timestamp="2024-03-10T02:48:45 EET">
  <testcase classname="Tests.TC01_LoginTest" name="validLoginTC" time="0.527"/>
  <testcase classname="Tests.TC02_LandingTest" name="addingRandomProductsToCartTC" time="0.71"/>
  <testcase classname="Tests.TC02_LandingTest" name="checkingNumberOfSelectedProductsTC" time="0.592"/>
  <testcase classname="Tests.TC02_LandingTest" name="clickOnCartIcon" time="0.262"/>
  <testcase classname="Tests.TC03_CartTest" name="comparingPricesTC" time="1.424"/>
  <testcase classname="Tests.TC04_CheckoutTest" name="checkoutStepOneTC" time="2.192"/>
  <testcase classname="Tests.TC05_OverviewTest" name="checkoutStepTwoTC" time="2.175"/>
  <testcase classname="Tests.TC06_FinishingOrderTest" name="finishOrderTC" time="3.516"/>
</testsuite> <!-- Regression Test -->
